-------------------------------------------------------------------------------
Test set: com.se.HouseHoldExpensesMemoMyBatisApplicationTests
-------------------------------------------------------------------------------
Tests run: 1, Failures: 0, Errors: 1, Skipped: 0, Time elapsed: 1.547 s <<< FAILURE! - in com.se.HouseHoldExpensesMemoMyBatisApplicationTests
contextLoads  Time elapsed: 0.008 s  <<< ERROR!
java.lang.IllegalStateException: Failed to load ApplicationContext for [WebMergedContextConfiguration@5a917723 testClass = com.se.HouseHoldExpensesMemoMyBatisApplicationTests, locations = [], classes = [com.se.HouseHoldExpensesMemoMyBatisApplication], contextInitializerClasses = [], activeProfiles = [], propertySourceLocations = [], propertySourceProperties = ["org.springframework.boot.test.context.SpringBootTestContextBootstrapper=true"], contextCustomizers = [org.springframework.boot.test.context.filter.ExcludeFilterContextCustomizer@3c01cfa1, org.springframework.boot.test.json.DuplicateJsonObjectContextCustomizerFactory$DuplicateJsonObjectContextCustomizer@5b7a8434, org.springframework.boot.test.mock.mockito.MockitoContextCustomizer@0, org.springframework.boot.test.web.client.TestRestTemplateContextCustomizer@9573584, org.springframework.boot.test.autoconfigure.actuate.observability.ObservabilityContextCustomizerFactory$DisableObservabilityContextCustomizer@9da1, org.springframework.boot.test.autoconfigure.properties.PropertyMappingContextCustomizer@0, org.springframework.boot.test.autoconfigure.web.servlet.WebDriverContextCustomizerFactory$Customizer@7fbdb894, org.springframework.boot.test.context.SpringBootTestAnnotation@3b88f492], resourceBasePath = "src/main/webapp", contextLoader = org.springframework.boot.test.context.SpringBootContextLoader, parent = null]
Caused by: org.springframework.beans.factory.UnsatisfiedDependencyException: Error creating bean with name 'expenseController': Unsatisfied dependency expressed through field 'expenseService': Error creating bean with name 'expenseService': Unsatisfied dependency expressed through field 'expenseMapper': Error creating bean with name 'expenseMapper' defined in file [C:\EclipseWorkSpace\HouseHoldExpensesMemo_MyBatis\target\classes\com\se\mapper\ExpenseMapper.class]: org.apache.ibatis.builder.BuilderException: Error parsing Mapper XML. The XML location is 'com/se/mapper/ExpenseMapper.xml'. Cause: org.apache.ibatis.builder.BuilderException: Error resolving class. Cause: org.apache.ibatis.type.TypeException: Could not resolve type alias 'com.se.entity.MonthlyExpense'.  Cause: java.lang.ClassNotFoundException: Cannot find class: com.se.entity.MonthlyExpense
Caused by: org.springframework.beans.factory.UnsatisfiedDependencyException: Error creating bean with name 'expenseService': Unsatisfied dependency expressed through field 'expenseMapper': Error creating bean with name 'expenseMapper' defined in file [C:\EclipseWorkSpace\HouseHoldExpensesMemo_MyBatis\target\classes\com\se\mapper\ExpenseMapper.class]: org.apache.ibatis.builder.BuilderException: Error parsing Mapper XML. The XML location is 'com/se/mapper/ExpenseMapper.xml'. Cause: org.apache.ibatis.builder.BuilderException: Error resolving class. Cause: org.apache.ibatis.type.TypeException: Could not resolve type alias 'com.se.entity.MonthlyExpense'.  Cause: java.lang.ClassNotFoundException: Cannot find class: com.se.entity.MonthlyExpense
Caused by: org.springframework.beans.factory.BeanCreationException: Error creating bean with name 'expenseMapper' defined in file [C:\EclipseWorkSpace\HouseHoldExpensesMemo_MyBatis\target\classes\com\se\mapper\ExpenseMapper.class]: org.apache.ibatis.builder.BuilderException: Error parsing Mapper XML. The XML location is 'com/se/mapper/ExpenseMapper.xml'. Cause: org.apache.ibatis.builder.BuilderException: Error resolving class. Cause: org.apache.ibatis.type.TypeException: Could not resolve type alias 'com.se.entity.MonthlyExpense'.  Cause: java.lang.ClassNotFoundException: Cannot find class: com.se.entity.MonthlyExpense
Caused by: java.lang.IllegalArgumentException: org.apache.ibatis.builder.BuilderException: Error parsing Mapper XML. The XML location is 'com/se/mapper/ExpenseMapper.xml'. Cause: org.apache.ibatis.builder.BuilderException: Error resolving class. Cause: org.apache.ibatis.type.TypeException: Could not resolve type alias 'com.se.entity.MonthlyExpense'.  Cause: java.lang.ClassNotFoundException: Cannot find class: com.se.entity.MonthlyExpense
Caused by: org.apache.ibatis.builder.BuilderException: Error parsing Mapper XML. The XML location is 'com/se/mapper/ExpenseMapper.xml'. Cause: org.apache.ibatis.builder.BuilderException: Error resolving class. Cause: org.apache.ibatis.type.TypeException: Could not resolve type alias 'com.se.entity.MonthlyExpense'.  Cause: java.lang.ClassNotFoundException: Cannot find class: com.se.entity.MonthlyExpense
Caused by: org.apache.ibatis.builder.BuilderException: Error resolving class. Cause: org.apache.ibatis.type.TypeException: Could not resolve type alias 'com.se.entity.MonthlyExpense'.  Cause: java.lang.ClassNotFoundException: Cannot find class: com.se.entity.MonthlyExpense
Caused by: org.apache.ibatis.type.TypeException: Could not resolve type alias 'com.se.entity.MonthlyExpense'.  Cause: java.lang.ClassNotFoundException: Cannot find class: com.se.entity.MonthlyExpense
Caused by: java.lang.ClassNotFoundException: Cannot find class: com.se.entity.MonthlyExpense

